This is pdfTeX, Version 3.1415926-2.5-1.40.14 (TeX Live 2013/Debian) (format=latex 2014.5.4)  29 MAY 2014 19:33
entering extended mode
 restricted \write18 enabled.
 %&-line parsing enabled.
**\input generalIPsequence.tex
(./generalIPsequence.tex

! LaTeX Error: File `subfile.cls' not found.

Type X to quit or <RETURN> to proceed,
or enter new name. (Default extension: cls)

Enter file name: 
! Emergency stop.
<read *> 
         
l.3 \begin
          {document}^^M
*** (cannot \read from terminal in nonstop modes)

 
Here is how much of TeX's memory you used:
 10 strings out of 495029
 230 string characters out of 6181524
 45941 words of memory out of 5000000
 3318 multiletter control sequences out of 15000+600000
 3640 words of font info for 14 fonts, out of 8000000 for 9000
 14 hyphenation exceptions out of 8191
 11i,0n,7p,105b,8s stack positions out of 5000i,500n,10000p,200000b,80000s
No pages of output.
